{"level":"info","message":"user_admin controller ,success response from database from get database method [object Object]","timestamp":"May-25-2022 23:46:40"}
{"level":"info","message":"get_user list response of the user's  _id & _rev send to the angular [object Object]","timestamp":"May-25-2022 23:46:40"}
{"level":"info","message":"user_admin controller ,success response from database from getall database method [object Object]","timestamp":"May-25-2022 23:46:40"}
{"level":"info","message":"get_user details of the user's from  _id send to the angular [object Object]","timestamp":"May-25-2022 23:46:40"}
{"level":"info","message":"user_admin controller ,success response from database from update  database method [object Object]","timestamp":"May-25-2022 23:47:19"}
{"level":"info","message":"update_user response send to the angular [object Object]","timestamp":"May-25-2022 23:47:19"}
{"level":"info","message":"user_admin controller ,success response from database from get database method [object Object]","timestamp":"May-25-2022 23:47:21"}
{"level":"info","message":"get_user list response of the user's  _id & _rev send to the angular [object Object]","timestamp":"May-25-2022 23:47:21"}
{"level":"info","message":"user_admin controller ,success response from database from getall database method [object Object]","timestamp":"May-25-2022 23:47:21"}
{"level":"info","message":"get_user details of the user's from  _id send to the angular [object Object]","timestamp":"May-25-2022 23:47:21"}
{"level":"info","message":"diver controller ,success response from database from get database method [object Object]","timestamp":"May-25-2022 23:47:27"}
{"level":"info","message":"get_driver list of the user's  _id send to the angular [object Object]","timestamp":"May-25-2022 23:47:27"}
{"level":"info","message":"diver controller ,success response from database from getall database method [object Object]","timestamp":"May-25-2022 23:47:27"}
{"level":"info","message":"get_driver details of the user's from  _id send to the angular [object Object]","timestamp":"May-25-2022 23:47:27"}
{"level":"info","message":"diver controller ,success response from database from update  database method [object Object]","timestamp":"May-25-2022 23:48:48"}
{"level":"info","message":"update_driver response send to the angular [object Object]","timestamp":"May-25-2022 23:48:48"}
{"level":"info","message":"diver controller ,success response from database from get database method [object Object]","timestamp":"May-25-2022 23:48:50"}
{"level":"info","message":"get_driver list of the user's  _id send to the angular [object Object]","timestamp":"May-25-2022 23:48:50"}
{"level":"info","message":"diver controller ,success response from database from getall database method [object Object]","timestamp":"May-25-2022 23:48:50"}
{"level":"info","message":"get_driver details of the user's from  _id send to the angular [object Object]","timestamp":"May-25-2022 23:48:50"}
{"level":"info","message":"diver controller ,success response from database from get database method [object Object]","timestamp":"May-25-2022 23:50:17"}
{"level":"info","message":"get_driver list of the user's  _id send to the angular [object Object]","timestamp":"May-25-2022 23:50:17"}
{"level":"info","message":"diver controller ,success response from database from getall database method [object Object]","timestamp":"May-25-2022 23:50:17"}
{"level":"info","message":"get_driver details of the user's from  _id send to the angular [object Object]","timestamp":"May-25-2022 23:50:17"}
{"level":"info","message":"diver controller ,success response from insert database [object Object]","timestamp":"May-25-2022 23:50:18"}
{"level":"info","message":"post_driver response send to the angular [object Object]","timestamp":"May-25-2022 23:50:18"}
{"level":"info","message":"diver controller ,success response from database from get database method [object Object]","timestamp":"May-25-2022 23:50:20"}
{"level":"info","message":"get_driver list of the user's  _id send to the angular [object Object]","timestamp":"May-25-2022 23:50:20"}
{"level":"info","message":"diver controller ,success response from database from getall database method [object Object]","timestamp":"May-25-2022 23:50:21"}
{"level":"info","message":"get_driver details of the user's from  _id send to the angular [object Object]","timestamp":"May-25-2022 23:50:21"}
{"level":"info","message":"diver controller ,success response from database from getall database method [object Object]","timestamp":"May-25-2022 23:50:21"}
{"level":"info","message":"get_driver details of the user's from  _id send to the angular [object Object]","timestamp":"May-25-2022 23:50:21"}
{"level":"info","message":"diver controller ,success response from database from get database method [object Object]","timestamp":"May-25-2022 23:52:02"}
{"level":"info","message":"get_driver list of the user's  _id send to the angular [object Object]","timestamp":"May-25-2022 23:52:02"}
{"level":"info","message":"diver controller ,success response from database from getall database method [object Object]","timestamp":"May-25-2022 23:52:02"}
{"level":"info","message":"get_driver details of the user's from  _id send to the angular [object Object]","timestamp":"May-25-2022 23:52:02"}
{"level":"info","message":"diver controller ,success response from database from getall database method [object Object]","timestamp":"May-25-2022 23:52:02"}
{"level":"info","message":"get_driver details of the user's from  _id send to the angular [object Object]","timestamp":"May-25-2022 23:52:02"}
{"level":"info","message":"diver controller ,success response from database from get database method [object Object]","timestamp":"May-25-2022 23:52:05"}
{"level":"info","message":"get_driver list of the user's  _id send to the angular [object Object]","timestamp":"May-25-2022 23:52:05"}
{"level":"info","message":"diver controller ,success response from database from getall database method [object Object]","timestamp":"May-25-2022 23:52:05"}
{"level":"info","message":"get_driver details of the user's from  _id send to the angular [object Object]","timestamp":"May-25-2022 23:52:05"}
{"level":"info","message":"diver controller ,success response from database from getall database method [object Object]","timestamp":"May-25-2022 23:52:05"}
{"level":"info","message":"get_driver details of the user's from  _id send to the angular [object Object]","timestamp":"May-25-2022 23:52:05"}
{"level":"info","message":"diver controller ,success response from database from get database method [object Object]","timestamp":"May-25-2022 23:53:23"}
{"level":"info","message":"get_driver list of the user's  _id send to the angular [object Object]","timestamp":"May-25-2022 23:53:23"}
{"level":"info","message":"diver controller ,success response from database from getall database method [object Object]","timestamp":"May-25-2022 23:53:23"}
{"level":"info","message":"get_driver details of the user's from  _id send to the angular [object Object]","timestamp":"May-25-2022 23:53:23"}
{"level":"info","message":"diver controller ,success response from database from getall database method [object Object]","timestamp":"May-25-2022 23:53:23"}
{"level":"info","message":"get_driver details of the user's from  _id send to the angular [object Object]","timestamp":"May-25-2022 23:53:23"}
{"level":"info","message":"diver controller ,success response from database from get database method [object Object]","timestamp":"May-25-2022 23:53:36"}
{"level":"info","message":"get_driver list of the user's  _id send to the angular [object Object]","timestamp":"May-25-2022 23:53:36"}
{"level":"info","message":"diver controller ,success response from database from getall database method [object Object]","timestamp":"May-25-2022 23:53:36"}
{"level":"info","message":"get_driver details of the user's from  _id send to the angular [object Object]","timestamp":"May-25-2022 23:53:36"}
{"level":"info","message":"diver controller ,success response from database from getall database method [object Object]","timestamp":"May-25-2022 23:53:36"}
{"level":"info","message":"get_driver details of the user's from  _id send to the angular [object Object]","timestamp":"May-25-2022 23:53:36"}
{"level":"info","message":"diver controller ,success response from database from get database method [object Object]","timestamp":"May-25-2022 23:54:16"}
{"level":"info","message":"get_driver list of the user's  _id send to the angular [object Object]","timestamp":"May-25-2022 23:54:16"}
{"level":"info","message":"diver controller ,success response from database from getall database method [object Object]","timestamp":"May-25-2022 23:54:16"}
{"level":"info","message":"get_driver details of the user's from  _id send to the angular [object Object]","timestamp":"May-25-2022 23:54:16"}
{"level":"info","message":"diver controller ,success response from database from getall database method [object Object]","timestamp":"May-25-2022 23:54:16"}
{"level":"info","message":"get_driver details of the user's from  _id send to the angular [object Object]","timestamp":"May-25-2022 23:54:16"}
{"level":"info","message":"diver controller ,success response from database from get database method [object Object]","timestamp":"May-25-2022 23:54:32"}
{"level":"info","message":"get_driver list of the user's  _id send to the angular [object Object]","timestamp":"May-25-2022 23:54:32"}
{"level":"info","message":"diver controller ,success response from database from getall database method [object Object]","timestamp":"May-25-2022 23:54:32"}
{"level":"info","message":"get_driver details of the user's from  _id send to the angular [object Object]","timestamp":"May-25-2022 23:54:32"}
{"level":"info","message":"diver controller ,success response from database from getall database method [object Object]","timestamp":"May-25-2022 23:54:32"}
{"level":"info","message":"get_driver details of the user's from  _id send to the angular [object Object]","timestamp":"May-25-2022 23:54:32"}
{"level":"info","message":"diver controller ,success response from database from get database method [object Object]","timestamp":"May-25-2022 23:55:08"}
{"level":"info","message":"get_driver list of the user's  _id send to the angular [object Object]","timestamp":"May-25-2022 23:55:08"}
{"level":"info","message":"diver controller ,success response from database from getall database method [object Object]","timestamp":"May-25-2022 23:55:08"}
{"level":"info","message":"get_driver details of the user's from  _id send to the angular [object Object]","timestamp":"May-25-2022 23:55:08"}
{"level":"info","message":"diver controller ,success response from database from getall database method [object Object]","timestamp":"May-25-2022 23:55:08"}
{"level":"info","message":"get_driver details of the user's from  _id send to the angular [object Object]","timestamp":"May-25-2022 23:55:08"}
{"level":"info","message":"diver controller ,success response from database from get database method [object Object]","timestamp":"May-25-2022 23:55:28"}
{"level":"info","message":"get_driver list of the user's  _id send to the angular [object Object]","timestamp":"May-25-2022 23:55:28"}
{"level":"info","message":"diver controller ,success response from database from getall database method [object Object]","timestamp":"May-25-2022 23:55:28"}
{"level":"info","message":"get_driver details of the user's from  _id send to the angular [object Object]","timestamp":"May-25-2022 23:55:28"}
{"level":"info","message":"diver controller ,success response from database from getall database method [object Object]","timestamp":"May-25-2022 23:55:28"}
{"level":"info","message":"get_driver details of the user's from  _id send to the angular [object Object]","timestamp":"May-25-2022 23:55:28"}
{"level":"info","message":"vehicle controller ,success response from database from get database method [object Object]","timestamp":"May-25-2022 23:55:36"}
{"level":"info","message":"get_vehicle list of the user's  _id send to the angular [object Object]","timestamp":"May-25-2022 23:55:36"}
{"level":"info","message":"vehicle controller ,success response from database from getall database method [object Object]","timestamp":"May-25-2022 23:55:37"}
{"level":"info","message":"get_vehicle details of the user's from  _id send to the angular [object Object]","timestamp":"May-25-2022 23:55:37"}
{"level":"info","message":"vehicle controller ,success response from database from getall database method [object Object]","timestamp":"May-25-2022 23:55:37"}
{"level":"info","message":"get_vehicle details of the user's from  _id send to the angular [object Object]","timestamp":"May-25-2022 23:55:37"}
{"level":"info","message":"vehicle controller ,success response from database from getall database method [object Object]","timestamp":"May-25-2022 23:55:37"}
{"level":"info","message":"get_vehicle details of the user's from  _id send to the angular [object Object]","timestamp":"May-25-2022 23:55:37"}
{"level":"info","message":"vehicle controller ,success response from database from delete details database method [object Object]","timestamp":"May-25-2022 23:55:45"}
{"level":"info","message":"delete_vehicle details of the user's from  _id send to the angular [object Object]","timestamp":"May-25-2022 23:55:45"}
{"level":"info","message":"vehicle controller ,success response from database from get database method [object Object]","timestamp":"May-25-2022 23:55:47"}
{"level":"info","message":"get_vehicle list of the user's  _id send to the angular [object Object]","timestamp":"May-25-2022 23:55:47"}
{"level":"info","message":"vehicle controller ,success response from database from getall database method [object Object]","timestamp":"May-25-2022 23:55:47"}
{"level":"info","message":"get_vehicle details of the user's from  _id send to the angular [object Object]","timestamp":"May-25-2022 23:55:47"}
{"level":"info","message":"vehicle controller ,success response from database from getall database method [object Object]","timestamp":"May-25-2022 23:55:47"}
{"level":"info","message":"get_vehicle details of the user's from  _id send to the angular [object Object]","timestamp":"May-25-2022 23:55:47"}
{"level":"info","message":"vehicle controller ,success response from database from update  database method [object Object]","timestamp":"May-25-2022 23:57:14"}
{"level":"info","message":"update_vehicle response send to the angular [object Object]","timestamp":"May-25-2022 23:57:14"}
{"level":"info","message":"vehicle controller ,success response from database from get database method [object Object]","timestamp":"May-25-2022 23:57:17"}
{"level":"info","message":"get_vehicle list of the user's  _id send to the angular [object Object]","timestamp":"May-25-2022 23:57:17"}
{"level":"info","message":"vehicle controller ,success response from database from getall database method [object Object]","timestamp":"May-25-2022 23:57:17"}
{"level":"info","message":"get_vehicle details of the user's from  _id send to the angular [object Object]","timestamp":"May-25-2022 23:57:17"}
{"level":"info","message":"vehicle controller ,success response from database from getall database method [object Object]","timestamp":"May-25-2022 23:57:17"}
{"level":"info","message":"get_vehicle details of the user's from  _id send to the angular [object Object]","timestamp":"May-25-2022 23:57:17"}
{"level":"info","message":"vehicle controller ,success response from database from delete details database method [object Object]","timestamp":"May-25-2022 23:57:26"}
{"level":"info","message":"delete_vehicle details of the user's from  _id send to the angular [object Object]","timestamp":"May-25-2022 23:57:26"}
{"level":"info","message":"vehicle controller ,success response from database from get database method [object Object]","timestamp":"May-25-2022 23:57:29"}
{"level":"info","message":"get_vehicle list of the user's  _id send to the angular [object Object]","timestamp":"May-25-2022 23:57:29"}
{"level":"info","message":"vehicle controller ,success response from database from getall database method [object Object]","timestamp":"May-25-2022 23:57:29"}
{"level":"info","message":"get_vehicle details of the user's from  _id send to the angular [object Object]","timestamp":"May-25-2022 23:57:29"}
{"level":"info","message":"vehicle controller ,success response from database from get database method [object Object]","timestamp":"May-25-2022 23:58:53"}
{"level":"info","message":"get_vehicle list of the user's  _id send to the angular [object Object]","timestamp":"May-25-2022 23:58:53"}
{"level":"info","message":"vehicle controller ,success response from database from getall database method [object Object]","timestamp":"May-25-2022 23:58:53"}
{"level":"info","message":"get_vehicle details of the user's from  _id send to the angular [object Object]","timestamp":"May-25-2022 23:58:53"}
{"level":"info","message":"vehicle controller ,success response from insert database [object Object]","timestamp":"May-25-2022 23:58:55"}
{"level":"info","message":"post_vehicle response send to the angular [object Object]","timestamp":"May-25-2022 23:58:55"}
{"level":"info","message":"vehicle controller ,success response from database from get database method [object Object]","timestamp":"May-25-2022 23:58:55"}
{"level":"info","message":"get_vehicle list of the user's  _id send to the angular [object Object]","timestamp":"May-25-2022 23:58:55"}
{"level":"info","message":"vehicle controller ,success response from database from getall database method [object Object]","timestamp":"May-25-2022 23:58:57"}
{"level":"info","message":"get_vehicle details of the user's from  _id send to the angular [object Object]","timestamp":"May-25-2022 23:58:57"}
{"level":"info","message":"vehicle controller ,success response from database from getall database method [object Object]","timestamp":"May-25-2022 23:58:57"}
{"level":"info","message":"get_vehicle details of the user's from  _id send to the angular [object Object]","timestamp":"May-25-2022 23:58:57"}
{"level":"info","message":"vehicle controller ,success response from database from update  database method [object Object]","timestamp":"May-25-2022 23:59:10"}
{"level":"info","message":"update_vehicle response send to the angular [object Object]","timestamp":"May-25-2022 23:59:10"}
{"level":"info","message":"vehicle controller ,success response from database from get database method [object Object]","timestamp":"May-25-2022 23:59:12"}
{"level":"info","message":"get_vehicle list of the user's  _id send to the angular [object Object]","timestamp":"May-25-2022 23:59:12"}
{"level":"info","message":"vehicle controller ,success response from database from getall database method [object Object]","timestamp":"May-25-2022 23:59:12"}
{"level":"info","message":"get_vehicle details of the user's from  _id send to the angular [object Object]","timestamp":"May-25-2022 23:59:12"}
{"level":"info","message":"vehicle controller ,success response from database from getall database method [object Object]","timestamp":"May-25-2022 23:59:12"}
{"level":"info","message":"get_vehicle details of the user's from  _id send to the angular [object Object]","timestamp":"May-25-2022 23:59:12"}
{"level":"info","message":"diver controller ,success response from database from get database method [object Object]","timestamp":"May-25-2022 23:59:18"}
{"level":"info","message":"get_driver list of the user's  _id send to the angular [object Object]","timestamp":"May-25-2022 23:59:18"}
{"level":"info","message":"diver controller ,success response from database from getall database method [object Object]","timestamp":"May-25-2022 23:59:18"}
{"level":"info","message":"get_driver details of the user's from  _id send to the angular [object Object]","timestamp":"May-25-2022 23:59:18"}
{"level":"info","message":"diver controller ,success response from database from getall database method [object Object]","timestamp":"May-25-2022 23:59:18"}
{"level":"info","message":"get_driver details of the user's from  _id send to the angular [object Object]","timestamp":"May-25-2022 23:59:18"}
{"level":"info","message":"vehicle controller ,success response from database from get database method [object Object]","timestamp":"May-25-2022 23:59:24"}
{"level":"info","message":"get_vehicle list of the user's  _id send to the angular [object Object]","timestamp":"May-25-2022 23:59:24"}
{"level":"info","message":"vehicle controller ,success response from database from getall database method [object Object]","timestamp":"May-25-2022 23:59:24"}
{"level":"info","message":"get_vehicle details of the user's from  _id send to the angular [object Object]","timestamp":"May-25-2022 23:59:24"}
{"level":"info","message":"vehicle controller ,success response from database from getall database method [object Object]","timestamp":"May-25-2022 23:59:24"}
{"level":"info","message":"get_vehicle details of the user's from  _id send to the angular [object Object]","timestamp":"May-25-2022 23:59:24"}
{"level":"info","message":"vehicle controller ,success response from database from update  database method [object Object]","timestamp":"May-25-2022 23:59:44"}
{"level":"info","message":"update_vehicle response send to the angular [object Object]","timestamp":"May-25-2022 23:59:44"}
{"level":"info","message":"vehicle controller ,success response from database from get database method [object Object]","timestamp":"May-25-2022 23:59:48"}
{"level":"info","message":"get_vehicle list of the user's  _id send to the angular [object Object]","timestamp":"May-25-2022 23:59:48"}
{"level":"info","message":"vehicle controller ,success response from database from getall database method [object Object]","timestamp":"May-25-2022 23:59:49"}
{"level":"info","message":"get_vehicle details of the user's from  _id send to the angular [object Object]","timestamp":"May-25-2022 23:59:49"}
{"level":"info","message":"vehicle controller ,success response from database from getall database method [object Object]","timestamp":"May-25-2022 23:59:49"}
{"level":"info","message":"get_vehicle details of the user's from  _id send to the angular [object Object]","timestamp":"May-25-2022 23:59:49"}
{"level":"info","message":"vehicle controller ,success response from database from update  database method [object Object]","timestamp":"May-26-2022 00:00:04"}
{"level":"info","message":"update_vehicle response send to the angular [object Object]","timestamp":"May-26-2022 00:00:04"}
{"level":"info","message":"vehicle controller ,success response from database from get database method [object Object]","timestamp":"May-26-2022 00:00:06"}
{"level":"info","message":"get_vehicle list of the user's  _id send to the angular [object Object]","timestamp":"May-26-2022 00:00:06"}
{"level":"info","message":"vehicle controller ,success response from database from getall database method [object Object]","timestamp":"May-26-2022 00:00:06"}
{"level":"info","message":"get_vehicle details of the user's from  _id send to the angular [object Object]","timestamp":"May-26-2022 00:00:06"}
{"level":"info","message":"vehicle controller ,success response from database from getall database method [object Object]","timestamp":"May-26-2022 00:00:06"}
{"level":"info","message":"get_vehicle details of the user's from  _id send to the angular [object Object]","timestamp":"May-26-2022 00:00:06"}
{"level":"info","message":"diver controller ,success response from database from get database method [object Object]","timestamp":"May-26-2022 00:00:16"}
{"level":"info","message":"get_driver list of the user's  _id send to the angular [object Object]","timestamp":"May-26-2022 00:00:16"}
{"level":"info","message":"diver controller ,success response from database from getall database method [object Object]","timestamp":"May-26-2022 00:00:16"}
{"level":"info","message":"get_driver details of the user's from  _id send to the angular [object Object]","timestamp":"May-26-2022 00:00:16"}
{"level":"info","message":"diver controller ,success response from database from getall database method [object Object]","timestamp":"May-26-2022 00:00:16"}
{"level":"info","message":"get_driver details of the user's from  _id send to the angular [object Object]","timestamp":"May-26-2022 00:00:16"}
{"level":"info","message":"vehicle controller ,success response from database from get database method [object Object]","timestamp":"May-26-2022 00:00:21"}
{"level":"info","message":"get_vehicle list of the user's  _id send to the angular [object Object]","timestamp":"May-26-2022 00:00:21"}
{"level":"info","message":"fuel controller ,success response from insert database [object Object]","timestamp":"May-26-2022 00:00:21"}
{"level":"info","message":"get_fuel list of the user's  _id send to the angular [object Object]","timestamp":"May-26-2022 00:00:21"}
{"level":"info","message":"vehicle controller ,success response from database from getall database method [object Object]","timestamp":"May-26-2022 00:00:21"}
{"level":"info","message":"get_vehicle details of the user's from  _id send to the angular [object Object]","timestamp":"May-26-2022 00:00:21"}
{"level":"info","message":"vehicle controller ,success response from database from getall database method [object Object]","timestamp":"May-26-2022 00:00:21"}
{"level":"info","message":"get_vehicle details of the user's from  _id send to the angular [object Object]","timestamp":"May-26-2022 00:00:21"}
{"level":"info","message":"fuel controller ,success response from insert database [object Object]","timestamp":"May-26-2022 00:00:21"}
{"level":"info","message":"get_fuel details of the user's from  _id send to the angular [object Object]","timestamp":"May-26-2022 00:00:21"}
{"level":"info","message":"fuel controller ,success response from insert database [object Object]","timestamp":"May-26-2022 00:00:21"}
{"level":"info","message":"get_fuel details of the user's from  _id send to the angular [object Object]","timestamp":"May-26-2022 00:00:21"}
{"level":"info","message":"fuel controller ,success response from insert database [object Object]","timestamp":"May-26-2022 00:00:21"}
{"level":"info","message":"get_fuel details of the user's from  _id send to the angular [object Object]","timestamp":"May-26-2022 00:00:21"}
{"level":"error","message":"error","timestamp":"May-26-2022 00:00:22"}
{"level":"info","message":"get_vehicle details of the user's from  _id send to the angular Error: deleted","timestamp":"May-26-2022 00:00:22"}
{"level":"error","message":"error","timestamp":"May-26-2022 00:00:22"}
{"level":"info","message":"get_vehicle details of the user's from  _id send to the angular Error: deleted","timestamp":"May-26-2022 00:00:22"}
{"level":"info","message":"vehicle controller ,success response from database from getall database method [object Object]","timestamp":"May-26-2022 00:00:22"}
{"level":"info","message":"get_vehicle details of the user's from  _id send to the angular [object Object]","timestamp":"May-26-2022 00:00:22"}
{"level":"info","message":"fuel controller ,success response from insert database [object Object]","timestamp":"May-26-2022 00:00:38"}
{"level":"info","message":"get_fuel list of the user's  _id send to the angular [object Object]","timestamp":"May-26-2022 00:00:38"}
{"level":"info","message":"vehicle controller ,success response from database from get database method [object Object]","timestamp":"May-26-2022 00:00:38"}
{"level":"info","message":"get_vehicle list of the user's  _id send to the angular [object Object]","timestamp":"May-26-2022 00:00:38"}
{"level":"info","message":"fuel controller ,success response from insert database [object Object]","timestamp":"May-26-2022 00:00:38"}
{"level":"info","message":"get_fuel details of the user's from  _id send to the angular [object Object]","timestamp":"May-26-2022 00:00:38"}
{"level":"info","message":"fuel controller ,success response from insert database [object Object]","timestamp":"May-26-2022 00:00:38"}
{"level":"info","message":"get_fuel details of the user's from  _id send to the angular [object Object]","timestamp":"May-26-2022 00:00:38"}
{"level":"info","message":"fuel controller ,success response from insert database [object Object]","timestamp":"May-26-2022 00:00:38"}
{"level":"info","message":"get_fuel details of the user's from  _id send to the angular [object Object]","timestamp":"May-26-2022 00:00:38"}
{"level":"info","message":"vehicle controller ,success response from database from getall database method [object Object]","timestamp":"May-26-2022 00:00:38"}
{"level":"info","message":"get_vehicle details of the user's from  _id send to the angular [object Object]","timestamp":"May-26-2022 00:00:38"}
{"level":"info","message":"vehicle controller ,success response from database from getall database method [object Object]","timestamp":"May-26-2022 00:00:38"}
{"level":"info","message":"get_vehicle details of the user's from  _id send to the angular [object Object]","timestamp":"May-26-2022 00:00:38"}
{"level":"error","message":"error","timestamp":"May-26-2022 00:00:39"}
{"level":"info","message":"get_vehicle details of the user's from  _id send to the angular Error: deleted","timestamp":"May-26-2022 00:00:39"}
{"level":"error","message":"error","timestamp":"May-26-2022 00:00:39"}
{"level":"info","message":"get_vehicle details of the user's from  _id send to the angular Error: deleted","timestamp":"May-26-2022 00:00:39"}
{"level":"info","message":"vehicle controller ,success response from database from getall database method [object Object]","timestamp":"May-26-2022 00:00:39"}
{"level":"info","message":"get_vehicle details of the user's from  _id send to the angular [object Object]","timestamp":"May-26-2022 00:00:39"}
{"level":"info","message":"fuel controller ,success response from insert database [object Object]","timestamp":"May-26-2022 00:00:40"}
{"level":"info","message":"get_fuel list of the user's  _id send to the angular [object Object]","timestamp":"May-26-2022 00:00:40"}
{"level":"info","message":"vehicle controller ,success response from database from get database method [object Object]","timestamp":"May-26-2022 00:00:40"}
{"level":"info","message":"get_vehicle list of the user's  _id send to the angular [object Object]","timestamp":"May-26-2022 00:00:40"}
{"level":"info","message":"fuel controller ,success response from insert database [object Object]","timestamp":"May-26-2022 00:00:40"}
{"level":"info","message":"get_fuel details of the user's from  _id send to the angular [object Object]","timestamp":"May-26-2022 00:00:40"}
{"level":"info","message":"fuel controller ,success response from insert database [object Object]","timestamp":"May-26-2022 00:00:40"}
{"level":"info","message":"get_fuel details of the user's from  _id send to the angular [object Object]","timestamp":"May-26-2022 00:00:40"}
{"level":"info","message":"fuel controller ,success response from insert database [object Object]","timestamp":"May-26-2022 00:00:40"}
{"level":"info","message":"get_fuel details of the user's from  _id send to the angular [object Object]","timestamp":"May-26-2022 00:00:40"}
{"level":"info","message":"vehicle controller ,success response from database from getall database method [object Object]","timestamp":"May-26-2022 00:00:40"}
{"level":"info","message":"get_vehicle details of the user's from  _id send to the angular [object Object]","timestamp":"May-26-2022 00:00:40"}
{"level":"info","message":"vehicle controller ,success response from database from getall database method [object Object]","timestamp":"May-26-2022 00:00:40"}
{"level":"info","message":"get_vehicle details of the user's from  _id send to the angular [object Object]","timestamp":"May-26-2022 00:00:40"}
{"level":"error","message":"error","timestamp":"May-26-2022 00:00:41"}
{"level":"info","message":"get_vehicle details of the user's from  _id send to the angular Error: deleted","timestamp":"May-26-2022 00:00:41"}
{"level":"error","message":"error","timestamp":"May-26-2022 00:00:41"}
{"level":"info","message":"get_vehicle details of the user's from  _id send to the angular Error: deleted","timestamp":"May-26-2022 00:00:41"}
{"level":"info","message":"vehicle controller ,success response from database from getall database method [object Object]","timestamp":"May-26-2022 00:00:41"}
{"level":"info","message":"get_vehicle details of the user's from  _id send to the angular [object Object]","timestamp":"May-26-2022 00:00:41"}
{"level":"info","message":"fuel controller ,success response from insert database [object Object]","timestamp":"May-26-2022 00:00:50"}
{"level":"info","message":"delete_fuel details of the user's from  _id send to the angular [object Object]","timestamp":"May-26-2022 00:00:50"}
{"level":"info","message":"fuel controller ,success response from insert database [object Object]","timestamp":"May-26-2022 00:00:54"}
{"level":"info","message":"get_fuel list of the user's  _id send to the angular [object Object]","timestamp":"May-26-2022 00:00:54"}
{"level":"info","message":"fuel controller ,success response from insert database [object Object]","timestamp":"May-26-2022 00:00:54"}
{"level":"info","message":"get_fuel details of the user's from  _id send to the angular [object Object]","timestamp":"May-26-2022 00:00:54"}
{"level":"info","message":"fuel controller ,success response from insert database [object Object]","timestamp":"May-26-2022 00:00:54"}
{"level":"info","message":"get_fuel details of the user's from  _id send to the angular [object Object]","timestamp":"May-26-2022 00:00:54"}
{"level":"error","message":"error","timestamp":"May-26-2022 00:00:55"}
{"level":"info","message":"get_vehicle details of the user's from  _id send to the angular Error: deleted","timestamp":"May-26-2022 00:00:55"}
{"level":"info","message":"vehicle controller ,success response from database from getall database method [object Object]","timestamp":"May-26-2022 00:00:55"}
{"level":"info","message":"get_vehicle details of the user's from  _id send to the angular [object Object]","timestamp":"May-26-2022 00:00:55"}
{"level":"info","message":"fuel controller ,success response from insert database [object Object]","timestamp":"May-26-2022 00:00:58"}
{"level":"info","message":"delete_fuel details of the user's from  _id send to the angular [object Object]","timestamp":"May-26-2022 00:00:58"}
{"level":"info","message":"fuel controller ,success response from insert database [object Object]","timestamp":"May-26-2022 00:01:00"}
{"level":"info","message":"get_fuel list of the user's  _id send to the angular [object Object]","timestamp":"May-26-2022 00:01:00"}
{"level":"info","message":"fuel controller ,success response from insert database [object Object]","timestamp":"May-26-2022 00:01:00"}
{"level":"info","message":"get_fuel details of the user's from  _id send to the angular [object Object]","timestamp":"May-26-2022 00:01:00"}
{"level":"info","message":"vehicle controller ,success response from database from getall database method [object Object]","timestamp":"May-26-2022 00:01:01"}
{"level":"info","message":"get_vehicle details of the user's from  _id send to the angular [object Object]","timestamp":"May-26-2022 00:01:01"}
{"level":"info","message":"fuel controller ,success response from insert database [object Object]","timestamp":"May-26-2022 00:01:37"}
{"level":"info","message":"get_fuel list of the user's  _id send to the angular [object Object]","timestamp":"May-26-2022 00:01:37"}
{"level":"info","message":"fuel controller ,success response from insert database [object Object]","timestamp":"May-26-2022 00:01:37"}
{"level":"info","message":"update_fuel response send to the angular [object Object]","timestamp":"May-26-2022 00:01:37"}
{"level":"info","message":"fuel controller ,success response from insert database [object Object]","timestamp":"May-26-2022 00:01:37"}
{"level":"info","message":"get_fuel details of the user's from  _id send to the angular [object Object]","timestamp":"May-26-2022 00:01:37"}
{"level":"info","message":"vehicle controller ,success response from database from getall database method [object Object]","timestamp":"May-26-2022 00:01:39"}
{"level":"info","message":"get_vehicle details of the user's from  _id send to the angular [object Object]","timestamp":"May-26-2022 00:01:39"}
{"level":"info","message":"vehicle controller ,success response from database from getall database method [object Object]","timestamp":"May-26-2022 00:01:48"}
{"level":"info","message":"get_vehicle details of the user's from  _id send to the angular [object Object]","timestamp":"May-26-2022 00:01:48"}
{"level":"info","message":"fuel controller ,success response from insert database [object Object]","timestamp":"May-26-2022 00:01:48"}
{"level":"info","message":"get_fuel list of the user's  _id send to the angular [object Object]","timestamp":"May-26-2022 00:01:48"}
{"level":"info","message":"fuel controller ,success response from insert database [object Object]","timestamp":"May-26-2022 00:01:48"}
{"level":"info","message":"get_fuel details of the user's from  _id send to the angular [object Object]","timestamp":"May-26-2022 00:01:48"}
{"level":"info","message":"vehicle controller ,success response from database from get database method [object Object]","timestamp":"May-26-2022 00:02:11"}
{"level":"info","message":"get_vehicle list of the user's  _id send to the angular [object Object]","timestamp":"May-26-2022 00:02:11"}
{"level":"info","message":"vehicle controller ,success response from database from getall database method [object Object]","timestamp":"May-26-2022 00:02:11"}
{"level":"info","message":"get_vehicle details of the user's from  _id send to the angular [object Object]","timestamp":"May-26-2022 00:02:11"}
{"level":"info","message":"vehicle controller ,success response from database from getall database method [object Object]","timestamp":"May-26-2022 00:02:11"}
{"level":"info","message":"get_vehicle details of the user's from  _id send to the angular [object Object]","timestamp":"May-26-2022 00:02:11"}
{"level":"info","message":"fuel controller ,success response from insert database [object Object]","timestamp":"May-26-2022 00:02:11"}
{"level":"info","message":"post_fuel response send to the angular [object Object]","timestamp":"May-26-2022 00:02:11"}
{"level":"info","message":"fuel controller ,success response from insert database [object Object]","timestamp":"May-26-2022 00:02:13"}
{"level":"info","message":"get_fuel list of the user's  _id send to the angular [object Object]","timestamp":"May-26-2022 00:02:13"}
{"level":"info","message":"fuel controller ,success response from insert database [object Object]","timestamp":"May-26-2022 00:02:13"}
{"level":"info","message":"get_fuel details of the user's from  _id send to the angular [object Object]","timestamp":"May-26-2022 00:02:13"}
{"level":"info","message":"fuel controller ,success response from insert database [object Object]","timestamp":"May-26-2022 00:02:13"}
{"level":"info","message":"get_fuel details of the user's from  _id send to the angular [object Object]","timestamp":"May-26-2022 00:02:13"}
{"level":"info","message":"vehicle controller ,success response from database from getall database method [object Object]","timestamp":"May-26-2022 00:02:14"}
{"level":"info","message":"get_vehicle details of the user's from  _id send to the angular [object Object]","timestamp":"May-26-2022 00:02:14"}
{"level":"info","message":"vehicle controller ,success response from database from getall database method [object Object]","timestamp":"May-26-2022 00:02:14"}
{"level":"info","message":"get_vehicle details of the user's from  _id send to the angular [object Object]","timestamp":"May-26-2022 00:02:14"}
{"level":"info","message":"maintanence controller ,success response from database from get database method [object Object]","timestamp":"May-26-2022 00:02:19"}
{"level":"info","message":"get_maintanence list of the user's  _id send to the angular [object Object]","timestamp":"May-26-2022 00:02:19"}
{"level":"info","message":"vehicle controller ,success response from database from get database method [object Object]","timestamp":"May-26-2022 00:02:19"}
{"level":"info","message":"get_vehicle list of the user's  _id send to the angular [object Object]","timestamp":"May-26-2022 00:02:19"}
{"level":"info","message":"maintanence controller ,success response from database from getall database method [object Object]","timestamp":"May-26-2022 00:02:19"}
{"level":"info","message":"get_maintanence details of the user's from  _id send to the angular [object Object]","timestamp":"May-26-2022 00:02:19"}
{"level":"info","message":"maintanence controller ,success response from database from getall database method [object Object]","timestamp":"May-26-2022 00:02:19"}
{"level":"info","message":"get_maintanence details of the user's from  _id send to the angular [object Object]","timestamp":"May-26-2022 00:02:19"}
{"level":"info","message":"vehicle controller ,success response from database from getall database method [object Object]","timestamp":"May-26-2022 00:02:19"}
{"level":"info","message":"get_vehicle details of the user's from  _id send to the angular [object Object]","timestamp":"May-26-2022 00:02:19"}
{"level":"info","message":"vehicle controller ,success response from database from getall database method [object Object]","timestamp":"May-26-2022 00:02:19"}
{"level":"info","message":"get_vehicle details of the user's from  _id send to the angular [object Object]","timestamp":"May-26-2022 00:02:19"}
{"level":"error","message":"error","timestamp":"May-26-2022 00:02:20"}
{"level":"info","message":"get_vehicle details of the user's from  _id send to the angular Error: deleted","timestamp":"May-26-2022 00:02:20"}
{"level":"info","message":"vehicle controller ,success response from database from getall database method [object Object]","timestamp":"May-26-2022 00:02:20"}
{"level":"info","message":"get_vehicle details of the user's from  _id send to the angular [object Object]","timestamp":"May-26-2022 00:02:20"}
{"level":"info","message":"maintanence controller ,success response from database from update  database method [object Object]","timestamp":"May-26-2022 00:03:17"}
{"level":"info","message":"update_maintanence response send to the angular from node [object Object]","timestamp":"May-26-2022 00:03:17"}
{"level":"info","message":"maintanence controller ,success response from database from get database method [object Object]","timestamp":"May-26-2022 00:03:19"}
{"level":"info","message":"get_maintanence list of the user's  _id send to the angular [object Object]","timestamp":"May-26-2022 00:03:19"}
{"level":"info","message":"maintanence controller ,success response from database from getall database method [object Object]","timestamp":"May-26-2022 00:03:19"}
{"level":"info","message":"get_maintanence details of the user's from  _id send to the angular [object Object]","timestamp":"May-26-2022 00:03:19"}
{"level":"info","message":"maintanence controller ,success response from database from getall database method [object Object]","timestamp":"May-26-2022 00:03:19"}
{"level":"info","message":"get_maintanence details of the user's from  _id send to the angular [object Object]","timestamp":"May-26-2022 00:03:19"}
{"level":"info","message":"vehicle controller ,success response from database from getall database method [object Object]","timestamp":"May-26-2022 00:03:20"}
{"level":"info","message":"get_vehicle details of the user's from  _id send to the angular [object Object]","timestamp":"May-26-2022 00:03:20"}
{"level":"error","message":"error","timestamp":"May-26-2022 00:03:20"}
{"level":"info","message":"get_vehicle details of the user's from  _id send to the angular Error: deleted","timestamp":"May-26-2022 00:03:20"}
{"level":"info","message":"maintanence controller ,success response from database from delete details database method [object Object]","timestamp":"May-26-2022 00:03:23"}
{"level":"info","message":"delete_maintanence details of the user's from  _id send to the angular [object Object]","timestamp":"May-26-2022 00:03:23"}
{"level":"info","message":"maintanence controller ,success response from database from get database method [object Object]","timestamp":"May-26-2022 00:03:25"}
{"level":"info","message":"get_maintanence list of the user's  _id send to the angular [object Object]","timestamp":"May-26-2022 00:03:25"}
{"level":"info","message":"maintanence controller ,success response from database from getall database method [object Object]","timestamp":"May-26-2022 00:03:25"}
{"level":"info","message":"get_maintanence details of the user's from  _id send to the angular [object Object]","timestamp":"May-26-2022 00:03:25"}
{"level":"info","message":"vehicle controller ,success response from database from getall database method [object Object]","timestamp":"May-26-2022 00:03:26"}
{"level":"info","message":"get_vehicle details of the user's from  _id send to the angular [object Object]","timestamp":"May-26-2022 00:03:26"}
{"level":"info","message":"vehicle controller ,success response from database from getall database method [object Object]","timestamp":"May-26-2022 00:03:30"}
{"level":"info","message":"get_vehicle details of the user's from  _id send to the angular [object Object]","timestamp":"May-26-2022 00:03:30"}
{"level":"info","message":"maintanence controller ,success response from database from get database method [object Object]","timestamp":"May-26-2022 00:03:30"}
{"level":"info","message":"get_maintanence list of the user's  _id send to the angular [object Object]","timestamp":"May-26-2022 00:03:30"}
{"level":"info","message":"maintanence controller ,success response from database from getall database method [object Object]","timestamp":"May-26-2022 00:03:31"}
{"level":"info","message":"get_maintanence details of the user's from  _id send to the angular [object Object]","timestamp":"May-26-2022 00:03:31"}
{"level":"info","message":"vehicle controller ,success response from database from get database method [object Object]","timestamp":"May-26-2022 00:03:52"}
{"level":"info","message":"get_vehicle list of the user's  _id send to the angular [object Object]","timestamp":"May-26-2022 00:03:52"}
{"level":"info","message":"vehicle controller ,success response from database from getall database method [object Object]","timestamp":"May-26-2022 00:03:52"}
{"level":"info","message":"get_vehicle details of the user's from  _id send to the angular [object Object]","timestamp":"May-26-2022 00:03:52"}
{"level":"info","message":"vehicle controller ,success response from database from getall database method [object Object]","timestamp":"May-26-2022 00:03:52"}
{"level":"info","message":"get_vehicle details of the user's from  _id send to the angular [object Object]","timestamp":"May-26-2022 00:03:52"}
{"level":"info","message":"maintanence controller ,success response from insert database [object Object]","timestamp":"May-26-2022 00:03:52"}
{"level":"info","message":"post_maintanence response send to the angular [object Object]","timestamp":"May-26-2022 00:03:52"}
{"level":"info","message":"maintanence controller ,success response from database from get database method [object Object]","timestamp":"May-26-2022 00:03:54"}
{"level":"info","message":"get_maintanence list of the user's  _id send to the angular [object Object]","timestamp":"May-26-2022 00:03:54"}
{"level":"info","message":"maintanence controller ,success response from database from getall database method [object Object]","timestamp":"May-26-2022 00:03:54"}
{"level":"info","message":"get_maintanence details of the user's from  _id send to the angular [object Object]","timestamp":"May-26-2022 00:03:54"}
{"level":"info","message":"maintanence controller ,success response from database from getall database method [object Object]","timestamp":"May-26-2022 00:03:54"}
{"level":"info","message":"get_maintanence details of the user's from  _id send to the angular [object Object]","timestamp":"May-26-2022 00:03:54"}
{"level":"info","message":"vehicle controller ,success response from database from getall database method [object Object]","timestamp":"May-26-2022 00:03:54"}
{"level":"info","message":"get_vehicle details of the user's from  _id send to the angular [object Object]","timestamp":"May-26-2022 00:03:54"}
{"level":"info","message":"vehicle controller ,success response from database from getall database method [object Object]","timestamp":"May-26-2022 00:03:54"}
{"level":"info","message":"get_vehicle details of the user's from  _id send to the angular [object Object]","timestamp":"May-26-2022 00:03:54"}
{"level":"info","message":"vehicle controller ,success response from database from get database method [object Object]","timestamp":"May-26-2022 00:04:01"}
{"level":"info","message":"get_vehicle list of the user's  _id send to the angular [object Object]","timestamp":"May-26-2022 00:04:01"}
{"level":"info","message":"insurance controller ,success response from database from get database method [object Object]","timestamp":"May-26-2022 00:04:01"}
{"level":"info","message":"get_insurance list of the user's  _id send to the angular [object Object]","timestamp":"May-26-2022 00:04:01"}
{"level":"info","message":"vehicle controller ,success response from database from getall database method [object Object]","timestamp":"May-26-2022 00:04:01"}
{"level":"info","message":"get_vehicle details of the user's from  _id send to the angular [object Object]","timestamp":"May-26-2022 00:04:01"}
{"level":"info","message":"vehicle controller ,success response from database from getall database method [object Object]","timestamp":"May-26-2022 00:04:01"}
{"level":"info","message":"get_vehicle details of the user's from  _id send to the angular [object Object]","timestamp":"May-26-2022 00:04:01"}
{"level":"info","message":"insurance controller ,success response from database from getall database method [object Object]","timestamp":"May-26-2022 00:04:01"}
{"level":"info","message":"get_insurance details of the user's from  _id send to the angular [object Object]","timestamp":"May-26-2022 00:04:01"}
{"level":"info","message":"vehicle controller ,success response from database from getall database method [object Object]","timestamp":"May-26-2022 00:04:01"}
{"level":"info","message":"get_vehicle details of the user's from  _id send to the angular [object Object]","timestamp":"May-26-2022 00:04:01"}
{"level":"info","message":"insurance controller ,success response from database from update  database method [object Object]","timestamp":"May-26-2022 00:04:40"}
{"level":"info","message":"update_insurance response send to the angular [object Object]","timestamp":"May-26-2022 00:04:40"}
{"level":"info","message":"insurance controller ,success response from database from get database method [object Object]","timestamp":"May-26-2022 00:04:44"}
{"level":"info","message":"get_insurance list of the user's  _id send to the angular [object Object]","timestamp":"May-26-2022 00:04:44"}
{"level":"info","message":"insurance controller ,success response from database from getall database method [object Object]","timestamp":"May-26-2022 00:04:44"}
{"level":"info","message":"get_insurance details of the user's from  _id send to the angular [object Object]","timestamp":"May-26-2022 00:04:44"}
{"level":"info","message":"vehicle controller ,success response from database from getall database method [object Object]","timestamp":"May-26-2022 00:04:44"}
{"level":"info","message":"get_vehicle details of the user's from  _id send to the angular [object Object]","timestamp":"May-26-2022 00:04:44"}
{"level":"info","message":"vehicle controller ,success response from database from getall database method [object Object]","timestamp":"May-26-2022 00:04:49"}
{"level":"info","message":"get_vehicle details of the user's from  _id send to the angular [object Object]","timestamp":"May-26-2022 00:04:49"}
{"level":"info","message":"insurance controller ,success response from database from get database method [object Object]","timestamp":"May-26-2022 00:04:49"}
{"level":"info","message":"get_insurance list of the user's  _id send to the angular [object Object]","timestamp":"May-26-2022 00:04:49"}
{"level":"info","message":"insurance controller ,success response from database from getall database method [object Object]","timestamp":"May-26-2022 00:04:49"}
{"level":"info","message":"get_insurance details of the user's from  _id send to the angular [object Object]","timestamp":"May-26-2022 00:04:49"}
{"level":"info","message":"vehicle controller ,success response from database from get database method [object Object]","timestamp":"May-26-2022 00:05:36"}
{"level":"info","message":"get_vehicle list of the user's  _id send to the angular [object Object]","timestamp":"May-26-2022 00:05:36"}
{"level":"info","message":"vehicle controller ,success response from database from getall database method [object Object]","timestamp":"May-26-2022 00:05:36"}
{"level":"info","message":"get_vehicle details of the user's from  _id send to the angular [object Object]","timestamp":"May-26-2022 00:05:36"}
{"level":"info","message":"vehicle controller ,success response from database from getall database method [object Object]","timestamp":"May-26-2022 00:05:36"}
{"level":"info","message":"get_vehicle details of the user's from  _id send to the angular [object Object]","timestamp":"May-26-2022 00:05:36"}
{"level":"info","message":"insurance controller ,success response from insert database [object Object]","timestamp":"May-26-2022 00:05:36"}
{"level":"info","message":"post_insurance response send to the angular [object Object]","timestamp":"May-26-2022 00:05:36"}
{"level":"info","message":"insurance controller ,success response from database from get database method [object Object]","timestamp":"May-26-2022 00:05:37"}
{"level":"info","message":"get_insurance list of the user's  _id send to the angular [object Object]","timestamp":"May-26-2022 00:05:37"}
{"level":"info","message":"insurance controller ,success response from database from getall database method [object Object]","timestamp":"May-26-2022 00:05:37"}
{"level":"info","message":"get_insurance details of the user's from  _id send to the angular [object Object]","timestamp":"May-26-2022 00:05:37"}
{"level":"info","message":"insurance controller ,success response from database from getall database method [object Object]","timestamp":"May-26-2022 00:05:37"}
{"level":"info","message":"get_insurance details of the user's from  _id send to the angular [object Object]","timestamp":"May-26-2022 00:05:37"}
{"level":"info","message":"vehicle controller ,success response from database from getall database method [object Object]","timestamp":"May-26-2022 00:05:38"}
{"level":"info","message":"get_vehicle details of the user's from  _id send to the angular [object Object]","timestamp":"May-26-2022 00:05:38"}
{"level":"info","message":"vehicle controller ,success response from database from getall database method [object Object]","timestamp":"May-26-2022 00:05:38"}
{"level":"info","message":"get_vehicle details of the user's from  _id send to the angular [object Object]","timestamp":"May-26-2022 00:05:38"}
{"level":"info","message":"vehicle controller ,success response from database from get database method [object Object]","timestamp":"May-26-2022 00:05:53"}
{"level":"info","message":"get_vehicle list of the user's  _id send to the angular [object Object]","timestamp":"May-26-2022 00:05:53"}
{"level":"info","message":"vehicle controller ,success response from database from getall database method [object Object]","timestamp":"May-26-2022 00:05:53"}
{"level":"info","message":"get_vehicle details of the user's from  _id send to the angular [object Object]","timestamp":"May-26-2022 00:05:53"}
{"level":"info","message":"vehicle controller ,success response from database from getall database method [object Object]","timestamp":"May-26-2022 00:05:53"}
{"level":"info","message":"get_vehicle details of the user's from  _id send to the angular [object Object]","timestamp":"May-26-2022 00:05:53"}
{"level":"info","message":"vehicle controller ,success response from database from getall database method [object Object]","timestamp":"May-26-2022 00:05:56"}
{"level":"info","message":"get_vehicle details of the user's from  _id send to the angular [object Object]","timestamp":"May-26-2022 00:05:56"}
{"level":"info","message":"fuel controller ,success response from insert database [object Object]","timestamp":"May-26-2022 00:05:56"}
{"level":"info","message":"get_fuel list of the user's  _id send to the angular [object Object]","timestamp":"May-26-2022 00:05:56"}
{"level":"info","message":"fuel controller ,success response from insert database [object Object]","timestamp":"May-26-2022 00:05:57"}
{"level":"info","message":"get_fuel details of the user's from  _id send to the angular [object Object]","timestamp":"May-26-2022 00:05:57"}
{"level":"info","message":"fuel controller ,success response from insert database [object Object]","timestamp":"May-26-2022 00:05:57"}
{"level":"info","message":"get_fuel details of the user's from  _id send to the angular [object Object]","timestamp":"May-26-2022 00:05:57"}
{"level":"info","message":"maintanence controller ,success response from database from get database method [object Object]","timestamp":"May-26-2022 00:05:57"}
{"level":"info","message":"get_maintanence list of the user's  _id send to the angular [object Object]","timestamp":"May-26-2022 00:05:57"}
{"level":"info","message":"maintanence controller ,success response from database from getall database method [object Object]","timestamp":"May-26-2022 00:05:57"}
{"level":"info","message":"get_maintanence details of the user's from  _id send to the angular [object Object]","timestamp":"May-26-2022 00:05:57"}
{"level":"info","message":"maintanence controller ,success response from database from getall database method [object Object]","timestamp":"May-26-2022 00:05:57"}
{"level":"info","message":"get_maintanence details of the user's from  _id send to the angular [object Object]","timestamp":"May-26-2022 00:05:57"}
{"level":"info","message":"insurance controller ,success response from database from get database method [object Object]","timestamp":"May-26-2022 00:05:57"}
{"level":"info","message":"get_insurance list of the user's  _id send to the angular [object Object]","timestamp":"May-26-2022 00:05:57"}
{"level":"info","message":"insurance controller ,success response from database from getall database method [object Object]","timestamp":"May-26-2022 00:05:57"}
{"level":"info","message":"get_insurance details of the user's from  _id send to the angular [object Object]","timestamp":"May-26-2022 00:05:57"}
{"level":"info","message":"insurance controller ,success response from database from getall database method [object Object]","timestamp":"May-26-2022 00:05:57"}
{"level":"info","message":"get_insurance details of the user's from  _id send to the angular [object Object]","timestamp":"May-26-2022 00:05:57"}
{"level":"info","message":"vehicle controller ,success response from database from getall database method [object Object]","timestamp":"May-26-2022 00:06:00"}
{"level":"info","message":"get_vehicle details of the user's from  _id send to the angular [object Object]","timestamp":"May-26-2022 00:06:00"}
{"level":"info","message":"fuel controller ,success response from insert database [object Object]","timestamp":"May-26-2022 00:06:00"}
{"level":"info","message":"get_fuel list of the user's  _id send to the angular [object Object]","timestamp":"May-26-2022 00:06:00"}
{"level":"info","message":"fuel controller ,success response from insert database [object Object]","timestamp":"May-26-2022 00:06:00"}
{"level":"info","message":"get_fuel details of the user's from  _id send to the angular [object Object]","timestamp":"May-26-2022 00:06:00"}
{"level":"info","message":"fuel controller ,success response from insert database [object Object]","timestamp":"May-26-2022 00:06:00"}
{"level":"info","message":"get_fuel details of the user's from  _id send to the angular [object Object]","timestamp":"May-26-2022 00:06:00"}
{"level":"info","message":"maintanence controller ,success response from database from get database method [object Object]","timestamp":"May-26-2022 00:06:00"}
{"level":"info","message":"get_maintanence list of the user's  _id send to the angular [object Object]","timestamp":"May-26-2022 00:06:00"}
{"level":"info","message":"maintanence controller ,success response from database from getall database method [object Object]","timestamp":"May-26-2022 00:06:00"}
{"level":"info","message":"get_maintanence details of the user's from  _id send to the angular [object Object]","timestamp":"May-26-2022 00:06:00"}
{"level":"info","message":"maintanence controller ,success response from database from getall database method [object Object]","timestamp":"May-26-2022 00:06:00"}
{"level":"info","message":"get_maintanence details of the user's from  _id send to the angular [object Object]","timestamp":"May-26-2022 00:06:00"}
{"level":"info","message":"insurance controller ,success response from database from get database method [object Object]","timestamp":"May-26-2022 00:06:00"}
{"level":"info","message":"get_insurance list of the user's  _id send to the angular [object Object]","timestamp":"May-26-2022 00:06:00"}
{"level":"info","message":"insurance controller ,success response from database from getall database method [object Object]","timestamp":"May-26-2022 00:06:00"}
{"level":"info","message":"get_insurance details of the user's from  _id send to the angular [object Object]","timestamp":"May-26-2022 00:06:00"}
{"level":"info","message":"insurance controller ,success response from database from getall database method [object Object]","timestamp":"May-26-2022 00:06:00"}
{"level":"info","message":"get_insurance details of the user's from  _id send to the angular [object Object]","timestamp":"May-26-2022 00:06:00"}
{"level":"info","message":"fuel controller ,success response from insert database [object Object]","timestamp":"May-26-2022 00:06:16"}
{"level":"info","message":"get_fuel list of the user's  _id send to the angular [object Object]","timestamp":"May-26-2022 00:06:16"}
{"level":"info","message":"insurance controller ,success response from database from get database method [object Object]","timestamp":"May-26-2022 00:06:16"}
{"level":"info","message":"get_insurance list of the user's  _id send to the angular [object Object]","timestamp":"May-26-2022 00:06:16"}
{"level":"info","message":"maintanence controller ,success response from database from get database method [object Object]","timestamp":"May-26-2022 00:06:16"}
{"level":"info","message":"get_maintanence list of the user's  _id send to the angular [object Object]","timestamp":"May-26-2022 00:06:16"}
{"level":"info","message":"fuel controller ,success response from insert database [object Object]","timestamp":"May-26-2022 00:06:16"}
{"level":"info","message":"get_fuel details of the user's from  _id send to the angular [object Object]","timestamp":"May-26-2022 00:06:16"}
{"level":"info","message":"fuel controller ,success response from insert database [object Object]","timestamp":"May-26-2022 00:06:16"}
{"level":"info","message":"get_fuel details of the user's from  _id send to the angular [object Object]","timestamp":"May-26-2022 00:06:16"}
{"level":"info","message":"insurance controller ,success response from database from getall database method [object Object]","timestamp":"May-26-2022 00:06:16"}
{"level":"info","message":"get_insurance details of the user's from  _id send to the angular [object Object]","timestamp":"May-26-2022 00:06:16"}
{"level":"info","message":"insurance controller ,success response from database from getall database method [object Object]","timestamp":"May-26-2022 00:06:16"}
{"level":"info","message":"get_insurance details of the user's from  _id send to the angular [object Object]","timestamp":"May-26-2022 00:06:16"}
{"level":"info","message":"maintanence controller ,success response from database from getall database method [object Object]","timestamp":"May-26-2022 00:06:16"}
{"level":"info","message":"get_maintanence details of the user's from  _id send to the angular [object Object]","timestamp":"May-26-2022 00:06:17"}
{"level":"info","message":"maintanence controller ,success response from database from getall database method [object Object]","timestamp":"May-26-2022 00:06:17"}
{"level":"info","message":"get_maintanence details of the user's from  _id send to the angular [object Object]","timestamp":"May-26-2022 00:06:17"}
{"level":"info","message":"user_admin controller ,success response from database from get database method [object Object]","timestamp":"May-26-2022 00:06:17"}
{"level":"info","message":"get_user list response of the user's  _id & _rev send to the angular [object Object]","timestamp":"May-26-2022 00:06:17"}
{"level":"info","message":"diver controller ,success response from database from get database method [object Object]","timestamp":"May-26-2022 00:06:17"}
{"level":"info","message":"get_driver list of the user's  _id send to the angular [object Object]","timestamp":"May-26-2022 00:06:17"}
{"level":"info","message":"vehicle controller ,success response from database from get database method [object Object]","timestamp":"May-26-2022 00:06:17"}
{"level":"info","message":"get_vehicle list of the user's  _id send to the angular [object Object]","timestamp":"May-26-2022 00:06:17"}
{"level":"info","message":"vehicle controller ,success response from database from get database method [object Object]","timestamp":"May-26-2022 00:06:49"}
{"level":"info","message":"get_vehicle list of the user's  _id send to the angular [object Object]","timestamp":"May-26-2022 00:06:49"}
{"level":"info","message":"vehicle controller ,success response from database from getall database method [object Object]","timestamp":"May-26-2022 00:06:49"}
{"level":"info","message":"get_vehicle details of the user's from  _id send to the angular [object Object]","timestamp":"May-26-2022 00:06:49"}
{"level":"info","message":"vehicle controller ,success response from database from getall database method [object Object]","timestamp":"May-26-2022 00:06:49"}
{"level":"info","message":"get_vehicle details of the user's from  _id send to the angular [object Object]","timestamp":"May-26-2022 00:06:49"}
{"level":"info","message":"vehicle controller ,success response from database from get database method [object Object]","timestamp":"May-26-2022 00:08:03"}
{"level":"info","message":"get_vehicle list of the user's  _id send to the angular [object Object]","timestamp":"May-26-2022 00:08:03"}
{"level":"info","message":"vehicle controller ,success response from database from getall database method [object Object]","timestamp":"May-26-2022 00:08:03"}
{"level":"info","message":"get_vehicle details of the user's from  _id send to the angular [object Object]","timestamp":"May-26-2022 00:08:03"}
{"level":"info","message":"vehicle controller ,success response from database from getall database method [object Object]","timestamp":"May-26-2022 00:08:03"}
{"level":"info","message":"get_vehicle details of the user's from  _id send to the angular [object Object]","timestamp":"May-26-2022 00:08:03"}
{"level":"info","message":"vehicle controller ,success response from insert database [object Object]","timestamp":"May-26-2022 00:08:04"}
{"level":"info","message":"post_vehicle response send to the angular [object Object]","timestamp":"May-26-2022 00:08:04"}
{"level":"info","message":"vehicle controller ,success response from database from get database method [object Object]","timestamp":"May-26-2022 00:08:04"}
{"level":"info","message":"get_vehicle list of the user's  _id send to the angular [object Object]","timestamp":"May-26-2022 00:08:04"}
{"level":"info","message":"vehicle controller ,success response from database from getall database method [object Object]","timestamp":"May-26-2022 00:08:05"}
{"level":"info","message":"get_vehicle details of the user's from  _id send to the angular [object Object]","timestamp":"May-26-2022 00:08:05"}
{"level":"info","message":"vehicle controller ,success response from database from getall database method [object Object]","timestamp":"May-26-2022 00:08:05"}
{"level":"info","message":"get_vehicle details of the user's from  _id send to the angular [object Object]","timestamp":"May-26-2022 00:08:05"}
{"level":"info","message":"vehicle controller ,success response from database from getall database method [object Object]","timestamp":"May-26-2022 00:08:05"}
{"level":"info","message":"get_vehicle details of the user's from  _id send to the angular [object Object]","timestamp":"May-26-2022 00:08:05"}
{"level":"info","message":"vehicle controller ,success response from database from get database method [object Object]","timestamp":"May-26-2022 00:08:18"}
{"level":"info","message":"get_vehicle list of the user's  _id send to the angular [object Object]","timestamp":"May-26-2022 00:08:18"}
{"level":"info","message":"fuel controller ,success response from insert database [object Object]","timestamp":"May-26-2022 00:08:18"}
{"level":"info","message":"get_fuel list of the user's  _id send to the angular [object Object]","timestamp":"May-26-2022 00:08:18"}
{"level":"info","message":"vehicle controller ,success response from database from getall database method [object Object]","timestamp":"May-26-2022 00:08:19"}
{"level":"info","message":"get_vehicle details of the user's from  _id send to the angular [object Object]","timestamp":"May-26-2022 00:08:19"}
{"level":"info","message":"vehicle controller ,success response from database from getall database method [object Object]","timestamp":"May-26-2022 00:08:19"}
{"level":"info","message":"get_vehicle details of the user's from  _id send to the angular [object Object]","timestamp":"May-26-2022 00:08:19"}
{"level":"info","message":"vehicle controller ,success response from database from getall database method [object Object]","timestamp":"May-26-2022 00:08:19"}
{"level":"info","message":"get_vehicle details of the user's from  _id send to the angular [object Object]","timestamp":"May-26-2022 00:08:19"}
{"level":"info","message":"fuel controller ,success response from insert database [object Object]","timestamp":"May-26-2022 00:08:19"}
{"level":"info","message":"get_fuel details of the user's from  _id send to the angular [object Object]","timestamp":"May-26-2022 00:08:19"}
{"level":"info","message":"fuel controller ,success response from insert database [object Object]","timestamp":"May-26-2022 00:08:19"}
{"level":"info","message":"get_fuel details of the user's from  _id send to the angular [object Object]","timestamp":"May-26-2022 00:08:19"}
{"level":"info","message":"vehicle controller ,success response from database from getall database method [object Object]","timestamp":"May-26-2022 00:08:19"}
{"level":"info","message":"get_vehicle details of the user's from  _id send to the angular [object Object]","timestamp":"May-26-2022 00:08:19"}
{"level":"info","message":"vehicle controller ,success response from database from getall database method [object Object]","timestamp":"May-26-2022 00:08:19"}
{"level":"info","message":"get_vehicle details of the user's from  _id send to the angular [object Object]","timestamp":"May-26-2022 00:08:19"}
{"level":"info","message":"vehicle controller ,success response from database from getall database method [object Object]","timestamp":"May-26-2022 00:08:33"}
{"level":"info","message":"get_vehicle details of the user's from  _id send to the angular [object Object]","timestamp":"May-26-2022 00:08:33"}
{"level":"info","message":"fuel controller ,success response from insert database [object Object]","timestamp":"May-26-2022 00:08:33"}
{"level":"info","message":"get_fuel list of the user's  _id send to the angular [object Object]","timestamp":"May-26-2022 00:08:33"}
{"level":"info","message":"fuel controller ,success response from insert database [object Object]","timestamp":"May-26-2022 00:08:33"}
{"level":"info","message":"get_fuel details of the user's from  _id send to the angular [object Object]","timestamp":"May-26-2022 00:08:33"}
{"level":"info","message":"fuel controller ,success response from insert database [object Object]","timestamp":"May-26-2022 00:08:33"}
{"level":"info","message":"get_fuel details of the user's from  _id send to the angular [object Object]","timestamp":"May-26-2022 00:08:33"}
{"level":"info","message":"vehicle controller ,success response from database from get database method [object Object]","timestamp":"May-26-2022 00:08:49"}
{"level":"info","message":"get_vehicle list of the user's  _id send to the angular [object Object]","timestamp":"May-26-2022 00:08:49"}
{"level":"info","message":"vehicle controller ,success response from database from getall database method [object Object]","timestamp":"May-26-2022 00:08:49"}
{"level":"info","message":"get_vehicle details of the user's from  _id send to the angular [object Object]","timestamp":"May-26-2022 00:08:49"}
{"level":"info","message":"vehicle controller ,success response from database from getall database method [object Object]","timestamp":"May-26-2022 00:08:49"}
{"level":"info","message":"get_vehicle details of the user's from  _id send to the angular [object Object]","timestamp":"May-26-2022 00:08:49"}
{"level":"info","message":"vehicle controller ,success response from database from getall database method [object Object]","timestamp":"May-26-2022 00:08:49"}
{"level":"info","message":"get_vehicle details of the user's from  _id send to the angular [object Object]","timestamp":"May-26-2022 00:08:49"}
{"level":"info","message":"vehicle controller ,success response from database from update  database method [object Object]","timestamp":"May-26-2022 00:09:16"}
{"level":"info","message":"update_vehicle response send to the angular [object Object]","timestamp":"May-26-2022 00:09:16"}
{"level":"info","message":"vehicle controller ,success response from database from get database method [object Object]","timestamp":"May-26-2022 00:09:18"}
{"level":"info","message":"get_vehicle list of the user's  _id send to the angular [object Object]","timestamp":"May-26-2022 00:09:18"}
{"level":"info","message":"vehicle controller ,success response from database from getall database method [object Object]","timestamp":"May-26-2022 00:09:19"}
{"level":"info","message":"get_vehicle details of the user's from  _id send to the angular [object Object]","timestamp":"May-26-2022 00:09:19"}
{"level":"info","message":"vehicle controller ,success response from database from getall database method [object Object]","timestamp":"May-26-2022 00:09:19"}
{"level":"info","message":"get_vehicle details of the user's from  _id send to the angular [object Object]","timestamp":"May-26-2022 00:09:19"}
{"level":"info","message":"vehicle controller ,success response from database from getall database method [object Object]","timestamp":"May-26-2022 00:09:19"}
{"level":"info","message":"get_vehicle details of the user's from  _id send to the angular [object Object]","timestamp":"May-26-2022 00:09:19"}
{"level":"info","message":"diver controller ,success response from database from get database method [object Object]","timestamp":"May-26-2022 00:09:45"}
{"level":"info","message":"get_driver list of the user's  _id send to the angular [object Object]","timestamp":"May-26-2022 00:09:45"}
{"level":"info","message":"diver controller ,success response from database from getall database method [object Object]","timestamp":"May-26-2022 00:09:45"}
{"level":"info","message":"get_driver details of the user's from  _id send to the angular [object Object]","timestamp":"May-26-2022 00:09:45"}
{"level":"info","message":"diver controller ,success response from database from getall database method [object Object]","timestamp":"May-26-2022 00:09:45"}
{"level":"info","message":"get_driver details of the user's from  _id send to the angular [object Object]","timestamp":"May-26-2022 00:09:45"}
{"level":"info","message":"diver controller ,success response from database from get database method [object Object]","timestamp":"May-26-2022 00:11:00"}
{"level":"info","message":"get_driver list of the user's  _id send to the angular [object Object]","timestamp":"May-26-2022 00:11:00"}
{"level":"info","message":"diver controller ,success response from database from getall database method [object Object]","timestamp":"May-26-2022 00:11:00"}
{"level":"info","message":"get_driver details of the user's from  _id send to the angular [object Object]","timestamp":"May-26-2022 00:11:00"}
{"level":"info","message":"diver controller ,success response from database from getall database method [object Object]","timestamp":"May-26-2022 00:11:00"}
{"level":"info","message":"get_driver details of the user's from  _id send to the angular [object Object]","timestamp":"May-26-2022 00:11:00"}
{"level":"info","message":"diver controller ,success response from insert database [object Object]","timestamp":"May-26-2022 00:11:01"}
{"level":"info","message":"post_driver response send to the angular [object Object]","timestamp":"May-26-2022 00:11:01"}
{"level":"info","message":"diver controller ,success response from database from get database method [object Object]","timestamp":"May-26-2022 00:11:04"}
{"level":"info","message":"get_driver list of the user's  _id send to the angular [object Object]","timestamp":"May-26-2022 00:11:04"}
{"level":"info","message":"diver controller ,success response from database from getall database method [object Object]","timestamp":"May-26-2022 00:11:04"}
{"level":"info","message":"get_driver details of the user's from  _id send to the angular [object Object]","timestamp":"May-26-2022 00:11:04"}
{"level":"info","message":"diver controller ,success response from database from getall database method [object Object]","timestamp":"May-26-2022 00:11:04"}
{"level":"info","message":"get_driver details of the user's from  _id send to the angular [object Object]","timestamp":"May-26-2022 00:11:04"}
{"level":"info","message":"diver controller ,success response from database from getall database method [object Object]","timestamp":"May-26-2022 00:11:04"}
{"level":"info","message":"get_driver details of the user's from  _id send to the angular [object Object]","timestamp":"May-26-2022 00:11:04"}
{"level":"info","message":"fuel controller ,success response from insert database [object Object]","timestamp":"May-26-2022 00:11:20"}
{"level":"info","message":"get_fuel list of the user's  _id send to the angular [object Object]","timestamp":"May-26-2022 00:11:20"}
{"level":"info","message":"insurance controller ,success response from database from get database method [object Object]","timestamp":"May-26-2022 00:11:20"}
{"level":"info","message":"get_insurance list of the user's  _id send to the angular [object Object]","timestamp":"May-26-2022 00:11:20"}
{"level":"info","message":"maintanence controller ,success response from database from get database method [object Object]","timestamp":"May-26-2022 00:11:20"}
{"level":"info","message":"get_maintanence list of the user's  _id send to the angular [object Object]","timestamp":"May-26-2022 00:11:20"}
{"level":"info","message":"fuel controller ,success response from insert database [object Object]","timestamp":"May-26-2022 00:11:20"}
{"level":"info","message":"get_fuel details of the user's from  _id send to the angular [object Object]","timestamp":"May-26-2022 00:11:20"}
{"level":"info","message":"fuel controller ,success response from insert database [object Object]","timestamp":"May-26-2022 00:11:20"}
{"level":"info","message":"get_fuel details of the user's from  _id send to the angular [object Object]","timestamp":"May-26-2022 00:11:20"}
{"level":"info","message":"insurance controller ,success response from database from getall database method [object Object]","timestamp":"May-26-2022 00:11:20"}
{"level":"info","message":"get_insurance details of the user's from  _id send to the angular [object Object]","timestamp":"May-26-2022 00:11:20"}
{"level":"info","message":"insurance controller ,success response from database from getall database method [object Object]","timestamp":"May-26-2022 00:11:20"}
{"level":"info","message":"get_insurance details of the user's from  _id send to the angular [object Object]","timestamp":"May-26-2022 00:11:20"}
{"level":"info","message":"maintanence controller ,success response from database from getall database method [object Object]","timestamp":"May-26-2022 00:11:20"}
{"level":"info","message":"get_maintanence details of the user's from  _id send to the angular [object Object]","timestamp":"May-26-2022 00:11:20"}
{"level":"info","message":"maintanence controller ,success response from database from getall database method [object Object]","timestamp":"May-26-2022 00:11:21"}
{"level":"info","message":"get_maintanence details of the user's from  _id send to the angular [object Object]","timestamp":"May-26-2022 00:11:21"}
{"level":"info","message":"diver controller ,success response from database from get database method [object Object]","timestamp":"May-26-2022 00:11:21"}
{"level":"info","message":"get_driver list of the user's  _id send to the angular [object Object]","timestamp":"May-26-2022 00:11:21"}
{"level":"info","message":"vehicle controller ,success response from database from get database method [object Object]","timestamp":"May-26-2022 00:11:21"}
{"level":"info","message":"get_vehicle list of the user's  _id send to the angular [object Object]","timestamp":"May-26-2022 00:11:21"}
{"level":"info","message":"user_admin controller ,success response from database from get database method [object Object]","timestamp":"May-26-2022 00:11:21"}
{"level":"info","message":"get_user list response of the user's  _id & _rev send to the angular [object Object]","timestamp":"May-26-2022 00:11:21"}
{"level":"info","message":"diver controller ,success response from database from get database method [object Object]","timestamp":"May-26-2022 00:11:50"}
{"level":"info","message":"get_driver list of the user's  _id send to the angular [object Object]","timestamp":"May-26-2022 00:11:50"}
{"level":"info","message":"diver controller ,success response from database from getall database method [object Object]","timestamp":"May-26-2022 00:11:50"}
{"level":"info","message":"get_driver details of the user's from  _id send to the angular [object Object]","timestamp":"May-26-2022 00:11:50"}
{"level":"info","message":"diver controller ,success response from database from getall database method [object Object]","timestamp":"May-26-2022 00:11:50"}
{"level":"info","message":"get_driver details of the user's from  _id send to the angular [object Object]","timestamp":"May-26-2022 00:11:50"}
{"level":"info","message":"diver controller ,success response from database from getall database method [object Object]","timestamp":"May-26-2022 00:11:50"}
{"level":"info","message":"get_driver details of the user's from  _id send to the angular [object Object]","timestamp":"May-26-2022 00:11:50"}
